app/build/intermediates/manifest_merge_blame_file/release/manifest-merger-blame-release-report.txt
1<?xml version="1.0" encoding="utf-8"?>
2<manifest xmlns:android="http://schemas.android.com/apk/res/android"
3    package="com.chain.messaging"
4    android:versionCode="1"
5    android:versionName="1.0" >
6
7    <uses-sdk
8        android:minSdkVersion="26"
9        android:targetSdkVersion="34" />
10
11    <!-- Network permissions for blockchain and P2P communication -->
12    <uses-permission android:name="android.permission.INTERNET" />
12-->src\main\AndroidManifest.xml:6:5-67
12-->src\main\AndroidManifest.xml:6:22-64
13    <uses-permission android:name="android.permission.ACCESS_NETWORK_STATE" />
13-->src\main\AndroidManifest.xml:7:5-79
13-->src\main\AndroidManifest.xml:7:22-76
14
15    <!-- Storage permissions for media and file handling -->
16    <uses-permission android:name="android.permission.READ_EXTERNAL_STORAGE" />
16-->src\main\AndroidManifest.xml:10:5-80
16-->src\main\AndroidManifest.xml:10:22-77
17    <uses-permission android:name="android.permission.WRITE_EXTERNAL_STORAGE" />
17-->src\main\AndroidManifest.xml:11:5-81
17-->src\main\AndroidManifest.xml:11:22-78
18
19    <!-- Camera and microphone for media messages and calls -->
20    <uses-permission android:name="android.permission.CAMERA" />
20-->src\main\AndroidManifest.xml:14:5-65
20-->src\main\AndroidManifest.xml:14:22-62
21    <uses-permission android:name="android.permission.RECORD_AUDIO" />
21-->src\main\AndroidManifest.xml:15:5-71
21-->src\main\AndroidManifest.xml:15:22-68
22
23    <!-- Biometric authentication -->
24    <uses-permission android:name="android.permission.USE_BIOMETRIC" />
24-->src\main\AndroidManifest.xml:18:5-72
24-->src\main\AndroidManifest.xml:18:22-69
25    <uses-permission android:name="android.permission.USE_FINGERPRINT" />
25-->src\main\AndroidManifest.xml:19:5-74
25-->src\main\AndroidManifest.xml:19:22-71
26
27    <!-- Notifications -->
28    <uses-permission android:name="android.permission.POST_NOTIFICATIONS" />
28-->src\main\AndroidManifest.xml:22:5-77
28-->src\main\AndroidManifest.xml:22:22-74
29
30    <!-- System settings access for ringtones -->
31    <uses-permission android:name="android.permission.READ_SETTINGS" />
31-->src\main\AndroidManifest.xml:25:5-72
31-->src\main\AndroidManifest.xml:25:22-69
32
33    <!-- Wake lock for background operations -->
34    <uses-permission android:name="android.permission.WAKE_LOCK" />
34-->src\main\AndroidManifest.xml:28:5-68
34-->src\main\AndroidManifest.xml:28:22-65
35    <uses-permission android:name="android.permission.RECEIVE_BOOT_COMPLETED" />
35-->[androidx.work:work-runtime:2.9.0] AndroidManifest.xml:25:5-81
35-->[androidx.work:work-runtime:2.9.0] AndroidManifest.xml:25:22-78
36    <uses-permission android:name="android.permission.FOREGROUND_SERVICE" />
36-->[androidx.work:work-runtime:2.9.0] AndroidManifest.xml:26:5-77
36-->[androidx.work:work-runtime:2.9.0] AndroidManifest.xml:26:22-74
37
38    <permission
38-->[androidx.core:core:1.12.0] AndroidManifest.xml:22:5-24:47
39        android:name="com.chain.messaging.DYNAMIC_RECEIVER_NOT_EXPORTED_PERMISSION"
39-->[androidx.core:core:1.12.0] AndroidManifest.xml:23:9-81
40        android:protectionLevel="signature" />
40-->[androidx.core:core:1.12.0] AndroidManifest.xml:24:9-44
41
42    <uses-permission android:name="com.chain.messaging.DYNAMIC_RECEIVER_NOT_EXPORTED_PERMISSION" /> <!-- Don't require camera, as this requires a rear camera. This allows it to work on the Nexus 7 -->
42-->[androidx.core:core:1.12.0] AndroidManifest.xml:26:5-97
42-->[androidx.core:core:1.12.0] AndroidManifest.xml:26:22-94
43    <uses-feature
43-->[com.journeyapps:zxing-android-embedded:4.3.0] AndroidManifest.xml:25:5-27:36
44        android:name="android.hardware.camera"
44-->[com.journeyapps:zxing-android-embedded:4.3.0] AndroidManifest.xml:26:9-47
45        android:required="false" />
45-->[com.journeyapps:zxing-android-embedded:4.3.0] AndroidManifest.xml:27:9-33
46    <uses-feature
46-->[com.journeyapps:zxing-android-embedded:4.3.0] AndroidManifest.xml:28:5-30:36
47        android:name="android.hardware.camera.front"
47-->[com.journeyapps:zxing-android-embedded:4.3.0] AndroidManifest.xml:29:9-53
48        android:required="false" /> <!-- TODO replace above two with next line after Android 4.2 -->
48-->[com.journeyapps:zxing-android-embedded:4.3.0] AndroidManifest.xml:30:9-33
49    <!-- <uses-feature android:name="android.hardware.camera.any"/> -->
50    <uses-feature
50-->[com.journeyapps:zxing-android-embedded:4.3.0] AndroidManifest.xml:33:5-35:36
51        android:name="android.hardware.camera.autofocus"
51-->[com.journeyapps:zxing-android-embedded:4.3.0] AndroidManifest.xml:34:9-57
52        android:required="false" />
52-->[com.journeyapps:zxing-android-embedded:4.3.0] AndroidManifest.xml:35:9-33
53    <uses-feature
53-->[com.journeyapps:zxing-android-embedded:4.3.0] AndroidManifest.xml:36:5-38:36
54        android:name="android.hardware.camera.flash"
54-->[com.journeyapps:zxing-android-embedded:4.3.0] AndroidManifest.xml:37:9-53
55        android:required="false" />
55-->[com.journeyapps:zxing-android-embedded:4.3.0] AndroidManifest.xml:38:9-33
56    <uses-feature
56-->[com.journeyapps:zxing-android-embedded:4.3.0] AndroidManifest.xml:39:5-41:36
57        android:name="android.hardware.screen.landscape"
57-->[com.journeyapps:zxing-android-embedded:4.3.0] AndroidManifest.xml:40:9-57
58        android:required="false" />
58-->[com.journeyapps:zxing-android-embedded:4.3.0] AndroidManifest.xml:41:9-33
59    <uses-feature
59-->[com.journeyapps:zxing-android-embedded:4.3.0] AndroidManifest.xml:42:5-44:36
60        android:name="android.hardware.wifi"
60-->[com.journeyapps:zxing-android-embedded:4.3.0] AndroidManifest.xml:43:9-45
61        android:required="false" />
61-->[com.journeyapps:zxing-android-embedded:4.3.0] AndroidManifest.xml:44:9-33
62
63    <application
63-->src\main\AndroidManifest.xml:30:5-84:19
64        android:name="com.chain.messaging.ChainApplication"
64-->src\main\AndroidManifest.xml:31:9-41
65        android:allowBackup="true"
65-->src\main\AndroidManifest.xml:32:9-35
66        android:appComponentFactory="androidx.core.app.CoreComponentFactory"
66-->[androidx.core:core:1.12.0] AndroidManifest.xml:28:18-86
67        android:dataExtractionRules="@xml/data_extraction_rules"
67-->src\main\AndroidManifest.xml:33:9-65
68        android:extractNativeLibs="false"
69        android:fullBackupContent="@xml/backup_rules"
69-->src\main\AndroidManifest.xml:34:9-54
70        android:icon="@mipmap/ic_launcher"
70-->src\main\AndroidManifest.xml:35:9-43
71        android:label="@string/app_name"
71-->src\main\AndroidManifest.xml:36:9-41
72        android:roundIcon="@mipmap/ic_launcher_round"
72-->src\main\AndroidManifest.xml:37:9-54
73        android:supportsRtl="true"
73-->src\main\AndroidManifest.xml:38:9-35
74        android:theme="@style/Theme.Chain" >
74-->src\main\AndroidManifest.xml:39:9-43
75        <activity
75-->src\main\AndroidManifest.xml:42:9-61:20
76            android:name="com.chain.messaging.presentation.MainActivity"
76-->src\main\AndroidManifest.xml:43:13-54
77            android:exported="true"
77-->src\main\AndroidManifest.xml:44:13-36
78            android:label="@string/app_name"
78-->src\main\AndroidManifest.xml:45:13-45
79            android:launchMode="singleTop"
79-->src\main\AndroidManifest.xml:47:13-43
80            android:theme="@style/Theme.Chain" >
80-->src\main\AndroidManifest.xml:46:13-47
81            <intent-filter>
81-->src\main\AndroidManifest.xml:48:13-51:29
82                <action android:name="android.intent.action.MAIN" />
82-->src\main\AndroidManifest.xml:49:17-69
82-->src\main\AndroidManifest.xml:49:25-66
83
84                <category android:name="android.intent.category.LAUNCHER" />
84-->src\main\AndroidManifest.xml:50:17-77
84-->src\main\AndroidManifest.xml:50:27-74
85            </intent-filter>
86
87            <!-- OAuth callback intent filter -->
88            <intent-filter android:autoVerify="true" >
88-->src\main\AndroidManifest.xml:54:13-60:29
88-->src\main\AndroidManifest.xml:54:28-53
89                <action android:name="android.intent.action.VIEW" />
89-->src\main\AndroidManifest.xml:55:17-69
89-->src\main\AndroidManifest.xml:55:25-66
90
91                <category android:name="android.intent.category.DEFAULT" />
91-->src\main\AndroidManifest.xml:56:17-76
91-->src\main\AndroidManifest.xml:56:27-73
92                <category android:name="android.intent.category.BROWSABLE" />
92-->src\main\AndroidManifest.xml:57:17-78
92-->src\main\AndroidManifest.xml:57:27-75
93
94                <data
94-->src\main\AndroidManifest.xml:58:17-59:46
95                    android:host="oauth"
95-->src\main\AndroidManifest.xml:59:23-43
96                    android:scheme="com.chain.messaging" />
96-->src\main\AndroidManifest.xml:58:23-59
97            </intent-filter>
98        </activity>
99
100        <!-- FileProvider for camera image capture -->
101        <provider
102            android:name="androidx.core.content.FileProvider"
102-->src\main\AndroidManifest.xml:65:13-62
103            android:authorities="com.chain.messaging.fileprovider"
103-->src\main\AndroidManifest.xml:66:13-64
104            android:exported="false"
104-->src\main\AndroidManifest.xml:67:13-37
105            android:grantUriPermissions="true" >
105-->src\main\AndroidManifest.xml:68:13-47
106            <meta-data
106-->src\main\AndroidManifest.xml:69:13-71:54
107                android:name="android.support.FILE_PROVIDER_PATHS"
107-->src\main\AndroidManifest.xml:70:17-67
108                android:resource="@xml/file_paths" />
108-->src\main\AndroidManifest.xml:71:17-51
109        </provider>
110
111        <!-- Notification action receiver -->
112        <receiver
112-->src\main\AndroidManifest.xml:75:9-83:20
113            android:name="com.chain.messaging.core.notification.NotificationActionReceiver"
113-->src\main\AndroidManifest.xml:76:13-73
114            android:exported="false" >
114-->src\main\AndroidManifest.xml:77:13-37
115            <intent-filter>
115-->src\main\AndroidManifest.xml:78:13-82:29
116                <action android:name="ACTION_REPLY" />
116-->src\main\AndroidManifest.xml:79:17-55
116-->src\main\AndroidManifest.xml:79:25-52
117                <action android:name="ACTION_MARK_READ" />
117-->src\main\AndroidManifest.xml:80:17-59
117-->src\main\AndroidManifest.xml:80:25-56
118                <action android:name="ACTION_MUTE_CHAT" />
118-->src\main\AndroidManifest.xml:81:17-59
118-->src\main\AndroidManifest.xml:81:25-56
119            </intent-filter>
120        </receiver>
121
122        <service
122-->[androidx.camera:camera-camera2:1.3.1] AndroidManifest.xml:24:9-33:19
123            android:name="androidx.camera.core.impl.MetadataHolderService"
123-->[androidx.camera:camera-camera2:1.3.1] AndroidManifest.xml:25:13-75
124            android:enabled="false"
124-->[androidx.camera:camera-camera2:1.3.1] AndroidManifest.xml:26:13-36
125            android:exported="false" >
125-->[androidx.camera:camera-camera2:1.3.1] AndroidManifest.xml:27:13-37
126            <meta-data
126-->[androidx.camera:camera-camera2:1.3.1] AndroidManifest.xml:30:13-32:89
127                android:name="androidx.camera.core.impl.MetadataHolderService.DEFAULT_CONFIG_PROVIDER"
127-->[androidx.camera:camera-camera2:1.3.1] AndroidManifest.xml:31:17-103
128                android:value="androidx.camera.camera2.Camera2Config$DefaultProvider" />
128-->[androidx.camera:camera-camera2:1.3.1] AndroidManifest.xml:32:17-86
129        </service>
130        <service
130-->[com.google.firebase:firebase-auth-ktx:22.3.0] AndroidManifest.xml:8:9-14:19
131            android:name="com.google.firebase.components.ComponentDiscoveryService"
131-->[com.google.firebase:firebase-auth-ktx:22.3.0] AndroidManifest.xml:9:13-84
132            android:directBootAware="true"
132-->[com.google.firebase:firebase-common:20.4.2] AndroidManifest.xml:32:13-43
133            android:exported="false" >
133-->[com.google.firebase:firebase-auth-ktx:22.3.0] AndroidManifest.xml:10:13-37
134            <meta-data
134-->[com.google.firebase:firebase-auth-ktx:22.3.0] AndroidManifest.xml:11:13-13:85
135                android:name="com.google.firebase.components:com.google.firebase.auth.ktx.FirebaseAuthLegacyRegistrar"
135-->[com.google.firebase:firebase-auth-ktx:22.3.0] AndroidManifest.xml:12:17-119
136                android:value="com.google.firebase.components.ComponentRegistrar" />
136-->[com.google.firebase:firebase-auth-ktx:22.3.0] AndroidManifest.xml:13:17-82
137            <meta-data
137-->[com.google.firebase:firebase-auth:22.3.0] AndroidManifest.xml:69:13-71:85
138                android:name="com.google.firebase.components:com.google.firebase.auth.FirebaseAuthRegistrar"
138-->[com.google.firebase:firebase-auth:22.3.0] AndroidManifest.xml:70:17-109
139                android:value="com.google.firebase.components.ComponentRegistrar" />
139-->[com.google.firebase:firebase-auth:22.3.0] AndroidManifest.xml:71:17-82
140            <meta-data
140-->[com.google.firebase:firebase-firestore-ktx:24.10.0] AndroidManifest.xml:12:13-14:85
141                android:name="com.google.firebase.components:com.google.firebase.firestore.ktx.FirebaseFirestoreLegacyRegistrar"
141-->[com.google.firebase:firebase-firestore-ktx:24.10.0] AndroidManifest.xml:13:17-129
142                android:value="com.google.firebase.components.ComponentRegistrar" />
142-->[com.google.firebase:firebase-firestore-ktx:24.10.0] AndroidManifest.xml:14:17-82
143            <meta-data
143-->[com.google.firebase:firebase-firestore:24.10.0] AndroidManifest.xml:17:13-19:85
144                android:name="com.google.firebase.components:com.google.firebase.firestore.FirebaseFirestoreKtxRegistrar"
144-->[com.google.firebase:firebase-firestore:24.10.0] AndroidManifest.xml:18:17-122
145                android:value="com.google.firebase.components.ComponentRegistrar" />
145-->[com.google.firebase:firebase-firestore:24.10.0] AndroidManifest.xml:19:17-82
146            <meta-data
146-->[com.google.firebase:firebase-firestore:24.10.0] AndroidManifest.xml:20:13-22:85
147                android:name="com.google.firebase.components:com.google.firebase.firestore.FirestoreRegistrar"
147-->[com.google.firebase:firebase-firestore:24.10.0] AndroidManifest.xml:21:17-111
148                android:value="com.google.firebase.components.ComponentRegistrar" />
148-->[com.google.firebase:firebase-firestore:24.10.0] AndroidManifest.xml:22:17-82
149            <meta-data
149-->[com.google.firebase:firebase-common-ktx:20.4.2] AndroidManifest.xml:12:13-14:85
150                android:name="com.google.firebase.components:com.google.firebase.ktx.FirebaseCommonLegacyRegistrar"
150-->[com.google.firebase:firebase-common-ktx:20.4.2] AndroidManifest.xml:13:17-116
151                android:value="com.google.firebase.components.ComponentRegistrar" />
151-->[com.google.firebase:firebase-common-ktx:20.4.2] AndroidManifest.xml:14:17-82
152            <meta-data
152-->[com.google.firebase:firebase-common:20.4.2] AndroidManifest.xml:35:13-37:85
153                android:name="com.google.firebase.components:com.google.firebase.FirebaseCommonKtxRegistrar"
153-->[com.google.firebase:firebase-common:20.4.2] AndroidManifest.xml:36:17-109
154                android:value="com.google.firebase.components.ComponentRegistrar" />
154-->[com.google.firebase:firebase-common:20.4.2] AndroidManifest.xml:37:17-82
155        </service>
156
157        <activity
157-->[com.google.firebase:firebase-auth:22.3.0] AndroidManifest.xml:29:9-46:20
158            android:name="com.google.firebase.auth.internal.GenericIdpActivity"
158-->[com.google.firebase:firebase-auth:22.3.0] AndroidManifest.xml:30:13-80
159            android:excludeFromRecents="true"
159-->[com.google.firebase:firebase-auth:22.3.0] AndroidManifest.xml:31:13-46
160            android:exported="true"
160-->[com.google.firebase:firebase-auth:22.3.0] AndroidManifest.xml:32:13-36
161            android:launchMode="singleTask"
161-->[com.google.firebase:firebase-auth:22.3.0] AndroidManifest.xml:33:13-44
162            android:theme="@android:style/Theme.Translucent.NoTitleBar" >
162-->[com.google.firebase:firebase-auth:22.3.0] AndroidManifest.xml:34:13-72
163            <intent-filter>
163-->[com.google.firebase:firebase-auth:22.3.0] AndroidManifest.xml:35:13-45:29
164                <action android:name="android.intent.action.VIEW" />
164-->src\main\AndroidManifest.xml:55:17-69
164-->src\main\AndroidManifest.xml:55:25-66
165
166                <category android:name="android.intent.category.DEFAULT" />
166-->src\main\AndroidManifest.xml:56:17-76
166-->src\main\AndroidManifest.xml:56:27-73
167                <category android:name="android.intent.category.BROWSABLE" />
167-->src\main\AndroidManifest.xml:57:17-78
167-->src\main\AndroidManifest.xml:57:27-75
168
169                <data
169-->src\main\AndroidManifest.xml:58:17-59:46
170                    android:host="firebase.auth"
170-->src\main\AndroidManifest.xml:59:23-43
171                    android:path="/"
172                    android:scheme="genericidp" />
172-->src\main\AndroidManifest.xml:58:23-59
173            </intent-filter>
174        </activity>
175        <activity
175-->[com.google.firebase:firebase-auth:22.3.0] AndroidManifest.xml:47:9-64:20
176            android:name="com.google.firebase.auth.internal.RecaptchaActivity"
176-->[com.google.firebase:firebase-auth:22.3.0] AndroidManifest.xml:48:13-79
177            android:excludeFromRecents="true"
177-->[com.google.firebase:firebase-auth:22.3.0] AndroidManifest.xml:49:13-46
178            android:exported="true"
178-->[com.google.firebase:firebase-auth:22.3.0] AndroidManifest.xml:50:13-36
179            android:launchMode="singleTask"
179-->[com.google.firebase:firebase-auth:22.3.0] AndroidManifest.xml:51:13-44
180            android:theme="@android:style/Theme.Translucent.NoTitleBar" >
180-->[com.google.firebase:firebase-auth:22.3.0] AndroidManifest.xml:52:13-72
181            <intent-filter>
181-->[com.google.firebase:firebase-auth:22.3.0] AndroidManifest.xml:53:13-63:29
182                <action android:name="android.intent.action.VIEW" />
182-->src\main\AndroidManifest.xml:55:17-69
182-->src\main\AndroidManifest.xml:55:25-66
183
184                <category android:name="android.intent.category.DEFAULT" />
184-->src\main\AndroidManifest.xml:56:17-76
184-->src\main\AndroidManifest.xml:56:27-73
185                <category android:name="android.intent.category.BROWSABLE" />
185-->src\main\AndroidManifest.xml:57:17-78
185-->src\main\AndroidManifest.xml:57:27-75
186
187                <data
187-->src\main\AndroidManifest.xml:58:17-59:46
188                    android:host="firebase.auth"
188-->src\main\AndroidManifest.xml:59:23-43
189                    android:path="/"
190                    android:scheme="recaptcha" />
190-->src\main\AndroidManifest.xml:58:23-59
191            </intent-filter>
192        </activity>
193
194        <service
194-->[androidx.credentials:credentials-play-services-auth:1.2.2] AndroidManifest.xml:24:9-32:19
195            android:name="androidx.credentials.playservices.CredentialProviderMetadataHolder"
195-->[androidx.credentials:credentials-play-services-auth:1.2.2] AndroidManifest.xml:25:13-94
196            android:enabled="true"
196-->[androidx.credentials:credentials-play-services-auth:1.2.2] AndroidManifest.xml:26:13-35
197            android:exported="false" >
197-->[androidx.credentials:credentials-play-services-auth:1.2.2] AndroidManifest.xml:27:13-37
198            <meta-data
198-->[androidx.credentials:credentials-play-services-auth:1.2.2] AndroidManifest.xml:29:13-31:104
199                android:name="androidx.credentials.CREDENTIAL_PROVIDER_KEY"
199-->[androidx.credentials:credentials-play-services-auth:1.2.2] AndroidManifest.xml:30:17-76
200                android:value="androidx.credentials.playservices.CredentialProviderPlayServicesImpl" />
200-->[androidx.credentials:credentials-play-services-auth:1.2.2] AndroidManifest.xml:31:17-101
201        </service>
202
203        <activity
203-->[androidx.credentials:credentials-play-services-auth:1.2.2] AndroidManifest.xml:34:9-41:20
204            android:name="androidx.credentials.playservices.HiddenActivity"
204-->[androidx.credentials:credentials-play-services-auth:1.2.2] AndroidManifest.xml:35:13-76
205            android:configChanges="orientation|screenSize|screenLayout|keyboardHidden"
205-->[androidx.credentials:credentials-play-services-auth:1.2.2] AndroidManifest.xml:36:13-87
206            android:enabled="true"
206-->[androidx.credentials:credentials-play-services-auth:1.2.2] AndroidManifest.xml:37:13-35
207            android:exported="false"
207-->[androidx.credentials:credentials-play-services-auth:1.2.2] AndroidManifest.xml:38:13-37
208            android:fitsSystemWindows="true"
208-->[androidx.credentials:credentials-play-services-auth:1.2.2] AndroidManifest.xml:39:13-45
209            android:theme="@style/Theme.Hidden" >
209-->[androidx.credentials:credentials-play-services-auth:1.2.2] AndroidManifest.xml:40:13-48
210        </activity>
211        <activity
211-->[com.google.android.gms:play-services-auth:20.7.0] AndroidManifest.xml:23:9-27:75
212            android:name="com.google.android.gms.auth.api.signin.internal.SignInHubActivity"
212-->[com.google.android.gms:play-services-auth:20.7.0] AndroidManifest.xml:24:13-93
213            android:excludeFromRecents="true"
213-->[com.google.android.gms:play-services-auth:20.7.0] AndroidManifest.xml:25:13-46
214            android:exported="false"
214-->[com.google.android.gms:play-services-auth:20.7.0] AndroidManifest.xml:26:13-37
215            android:theme="@android:style/Theme.Translucent.NoTitleBar" />
215-->[com.google.android.gms:play-services-auth:20.7.0] AndroidManifest.xml:27:13-72
216        <!--
217            Service handling Google Sign-In user revocation. For apps that do not integrate with
218            Google Sign-In, this service will never be started.
219        -->
220        <service
220-->[com.google.android.gms:play-services-auth:20.7.0] AndroidManifest.xml:33:9-37:51
221            android:name="com.google.android.gms.auth.api.signin.RevocationBoundService"
221-->[com.google.android.gms:play-services-auth:20.7.0] AndroidManifest.xml:34:13-89
222            android:exported="true"
222-->[com.google.android.gms:play-services-auth:20.7.0] AndroidManifest.xml:35:13-36
223            android:permission="com.google.android.gms.auth.api.signin.permission.REVOCATION_NOTIFICATION"
223-->[com.google.android.gms:play-services-auth:20.7.0] AndroidManifest.xml:36:13-107
224            android:visibleToInstantApps="true" />
224-->[com.google.android.gms:play-services-auth:20.7.0] AndroidManifest.xml:37:13-48
225
226        <activity
226-->[com.google.android.gms:play-services-base:18.0.1] AndroidManifest.xml:20:9-22:45
227            android:name="com.google.android.gms.common.api.GoogleApiActivity"
227-->[com.google.android.gms:play-services-base:18.0.1] AndroidManifest.xml:20:19-85
228            android:exported="false"
228-->[com.google.android.gms:play-services-base:18.0.1] AndroidManifest.xml:22:19-43
229            android:theme="@android:style/Theme.Translucent.NoTitleBar" />
229-->[com.google.android.gms:play-services-base:18.0.1] AndroidManifest.xml:21:19-78
230
231        <provider
231-->[com.google.firebase:firebase-common:20.4.2] AndroidManifest.xml:23:9-28:39
232            android:name="com.google.firebase.provider.FirebaseInitProvider"
232-->[com.google.firebase:firebase-common:20.4.2] AndroidManifest.xml:24:13-77
233            android:authorities="com.chain.messaging.firebaseinitprovider"
233-->[com.google.firebase:firebase-common:20.4.2] AndroidManifest.xml:25:13-72
234            android:directBootAware="true"
234-->[com.google.firebase:firebase-common:20.4.2] AndroidManifest.xml:26:13-43
235            android:exported="false"
235-->[com.google.firebase:firebase-common:20.4.2] AndroidManifest.xml:27:13-37
236            android:initOrder="100" />
236-->[com.google.firebase:firebase-common:20.4.2] AndroidManifest.xml:28:13-36
237
238        <service
238-->[androidx.room:room-runtime:2.6.1] AndroidManifest.xml:24:9-28:63
239            android:name="androidx.room.MultiInstanceInvalidationService"
239-->[androidx.room:room-runtime:2.6.1] AndroidManifest.xml:25:13-74
240            android:directBootAware="true"
240-->[androidx.room:room-runtime:2.6.1] AndroidManifest.xml:26:13-43
241            android:exported="false" />
241-->[androidx.room:room-runtime:2.6.1] AndroidManifest.xml:27:13-37
242
243        <provider
243-->[androidx.work:work-runtime:2.9.0] AndroidManifest.xml:29:9-37:20
244            android:name="androidx.startup.InitializationProvider"
244-->[androidx.work:work-runtime:2.9.0] AndroidManifest.xml:30:13-67
245            android:authorities="com.chain.messaging.androidx-startup"
245-->[androidx.work:work-runtime:2.9.0] AndroidManifest.xml:31:13-68
246            android:exported="false" >
246-->[androidx.work:work-runtime:2.9.0] AndroidManifest.xml:32:13-37
247            <meta-data
247-->[androidx.work:work-runtime:2.9.0] AndroidManifest.xml:34:13-36:52
248                android:name="androidx.work.WorkManagerInitializer"
248-->[androidx.work:work-runtime:2.9.0] AndroidManifest.xml:35:17-68
249                android:value="androidx.startup" />
249-->[androidx.work:work-runtime:2.9.0] AndroidManifest.xml:36:17-49
250            <meta-data
250-->[androidx.emoji2:emoji2:1.4.0] AndroidManifest.xml:29:13-31:52
251                android:name="androidx.emoji2.text.EmojiCompatInitializer"
251-->[androidx.emoji2:emoji2:1.4.0] AndroidManifest.xml:30:17-75
252                android:value="androidx.startup" />
252-->[androidx.emoji2:emoji2:1.4.0] AndroidManifest.xml:31:17-49
253            <meta-data
253-->[androidx.lifecycle:lifecycle-process:2.7.0] AndroidManifest.xml:29:13-31:52
254                android:name="androidx.lifecycle.ProcessLifecycleInitializer"
254-->[androidx.lifecycle:lifecycle-process:2.7.0] AndroidManifest.xml:30:17-78
255                android:value="androidx.startup" />
255-->[androidx.lifecycle:lifecycle-process:2.7.0] AndroidManifest.xml:31:17-49
256            <meta-data
256-->[androidx.profileinstaller:profileinstaller:1.3.1] AndroidManifest.xml:29:13-31:52
257                android:name="androidx.profileinstaller.ProfileInstallerInitializer"
257-->[androidx.profileinstaller:profileinstaller:1.3.1] AndroidManifest.xml:30:17-85
258                android:value="androidx.startup" />
258-->[androidx.profileinstaller:profileinstaller:1.3.1] AndroidManifest.xml:31:17-49
259        </provider>
260
261        <service
261-->[androidx.work:work-runtime:2.9.0] AndroidManifest.xml:39:9-45:35
262            android:name="androidx.work.impl.background.systemalarm.SystemAlarmService"
262-->[androidx.work:work-runtime:2.9.0] AndroidManifest.xml:40:13-88
263            android:directBootAware="false"
263-->[androidx.work:work-runtime:2.9.0] AndroidManifest.xml:41:13-44
264            android:enabled="@bool/enable_system_alarm_service_default"
264-->[androidx.work:work-runtime:2.9.0] AndroidManifest.xml:42:13-72
265            android:exported="false" />
265-->[androidx.work:work-runtime:2.9.0] AndroidManifest.xml:43:13-37
266        <service
266-->[androidx.work:work-runtime:2.9.0] AndroidManifest.xml:46:9-52:35
267            android:name="androidx.work.impl.background.systemjob.SystemJobService"
267-->[androidx.work:work-runtime:2.9.0] AndroidManifest.xml:47:13-84
268            android:directBootAware="false"
268-->[androidx.work:work-runtime:2.9.0] AndroidManifest.xml:48:13-44
269            android:enabled="@bool/enable_system_job_service_default"
269-->[androidx.work:work-runtime:2.9.0] AndroidManifest.xml:49:13-70
270            android:exported="true"
270-->[androidx.work:work-runtime:2.9.0] AndroidManifest.xml:50:13-36
271            android:permission="android.permission.BIND_JOB_SERVICE" />
271-->[androidx.work:work-runtime:2.9.0] AndroidManifest.xml:51:13-69
272        <service
272-->[androidx.work:work-runtime:2.9.0] AndroidManifest.xml:53:9-59:35
273            android:name="androidx.work.impl.foreground.SystemForegroundService"
273-->[androidx.work:work-runtime:2.9.0] AndroidManifest.xml:54:13-81
274            android:directBootAware="false"
274-->[androidx.work:work-runtime:2.9.0] AndroidManifest.xml:55:13-44
275            android:enabled="@bool/enable_system_foreground_service_default"
275-->[androidx.work:work-runtime:2.9.0] AndroidManifest.xml:56:13-77
276            android:exported="false" />
276-->[androidx.work:work-runtime:2.9.0] AndroidManifest.xml:57:13-37
277
278        <receiver
278-->[androidx.work:work-runtime:2.9.0] AndroidManifest.xml:61:9-66:35
279            android:name="androidx.work.impl.utils.ForceStopRunnable$BroadcastReceiver"
279-->[androidx.work:work-runtime:2.9.0] AndroidManifest.xml:62:13-88
280            android:directBootAware="false"
280-->[androidx.work:work-runtime:2.9.0] AndroidManifest.xml:63:13-44
281            android:enabled="true"
281-->[androidx.work:work-runtime:2.9.0] AndroidManifest.xml:64:13-35
282            android:exported="false" />
282-->[androidx.work:work-runtime:2.9.0] AndroidManifest.xml:65:13-37
283        <receiver
283-->[androidx.work:work-runtime:2.9.0] AndroidManifest.xml:67:9-77:20
284            android:name="androidx.work.impl.background.systemalarm.ConstraintProxy$BatteryChargingProxy"
284-->[androidx.work:work-runtime:2.9.0] AndroidManifest.xml:68:13-106
285            android:directBootAware="false"
285-->[androidx.work:work-runtime:2.9.0] AndroidManifest.xml:69:13-44
286            android:enabled="false"
286-->[androidx.work:work-runtime:2.9.0] AndroidManifest.xml:70:13-36
287            android:exported="false" >